{"name":"Creating projects","status":"broken","statusDetails":{"known":false,"muted":false,"flaky":false,"message":"Unable to find element with locator By.xpath: //div[text()='Project Added Successfully']/following-sibling::div\nFor documentation on this error, please visit: https://www.selenium.dev/documentation/webdriver/troubleshooting/errors#no-such-element-exception\nBuild info: version: '4.17.0', revision: 'e52b1be057*'\nSystem info: os.name: 'Windows 11', os.arch: 'amd64', os.version: '10.0', java.version: '11.0.20'\nDriver info: driver.version: RemoteWebDriver","trace":"org.openqa.selenium.NoSuchElementException: Unable to find element with locator By.xpath: //div[text()='Project Added Successfully']/following-sibling::div\nFor documentation on this error, please visit: https://www.selenium.dev/documentation/webdriver/troubleshooting/errors#no-such-element-exception\nBuild info: version: '4.17.0', revision: 'e52b1be057*'\nSystem info: os.name: 'Windows 11', os.arch: 'amd64', os.version: '10.0', java.version: '11.0.20'\nDriver info: driver.version: RemoteWebDriver\r\n\tat org.openqa.selenium.remote.ElementLocation$ElementFinder$2.findElement(ElementLocation.java:168)\r\n\tat org.openqa.selenium.remote.ElementLocation.findElement(ElementLocation.java:59)\r\n\tat org.openqa.selenium.remote.RemoteWebDriver.findElement(RemoteWebDriver.java:356)\r\n\tat org.openqa.selenium.remote.RemoteWebDriver.findElement(RemoteWebDriver.java:350)\r\n\tat org.openqa.selenium.support.pagefactory.DefaultElementLocator.findElement(DefaultElementLocator.java:68)\r\n\tat org.openqa.selenium.support.pagefactory.internal.LocatingElementHandler.invoke(LocatingElementHandler.java:38)\r\n\tat com.sun.proxy.$Proxy18.getText(Unknown Source)\r\n\tat com.stepDefinitions.creatingProjects.verify_the_project_is_created_successfully_without_add_collaborators(creatingProjects.java:37)\r\n\tat ✽.Verify the Project is created successfully without Add collaborators(file:///C:/Users/aswin.moorthy/Automation/pharma_NLP/src/test/resources/features/Createproject.feature:5)\r\n"},"stage":"finished","steps":[{"name":"When  user creates a project without Add Collaborators","status":"passed","statusDetails":{"known":false,"muted":false,"flaky":false},"stage":"finished","steps":[],"attachments":[],"parameters":[],"start":1707121196204,"stop":1707121199520},{"name":"When  Verify the Project is created successfully without Add collaborators","status":"broken","statusDetails":{"known":false,"muted":false,"flaky":false,"message":"Unable to find element with locator By.xpath: //div[text()='Project Added Successfully']/following-sibling::div\nFor documentation on this error, please visit: https://www.selenium.dev/documentation/webdriver/troubleshooting/errors#no-such-element-exception\nBuild info: version: '4.17.0', revision: 'e52b1be057*'\nSystem info: os.name: 'Windows 11', os.arch: 'amd64', os.version: '10.0', java.version: '11.0.20'\nDriver info: driver.version: RemoteWebDriver","trace":"org.openqa.selenium.NoSuchElementException: Unable to find element with locator By.xpath: //div[text()='Project Added Successfully']/following-sibling::div\nFor documentation on this error, please visit: https://www.selenium.dev/documentation/webdriver/troubleshooting/errors#no-such-element-exception\nBuild info: version: '4.17.0', revision: 'e52b1be057*'\nSystem info: os.name: 'Windows 11', os.arch: 'amd64', os.version: '10.0', java.version: '11.0.20'\nDriver info: driver.version: RemoteWebDriver\r\n\tat org.openqa.selenium.remote.ElementLocation$ElementFinder$2.findElement(ElementLocation.java:168)\r\n\tat org.openqa.selenium.remote.ElementLocation.findElement(ElementLocation.java:59)\r\n\tat org.openqa.selenium.remote.RemoteWebDriver.findElement(RemoteWebDriver.java:356)\r\n\tat org.openqa.selenium.remote.RemoteWebDriver.findElement(RemoteWebDriver.java:350)\r\n\tat org.openqa.selenium.support.pagefactory.DefaultElementLocator.findElement(DefaultElementLocator.java:68)\r\n\tat org.openqa.selenium.support.pagefactory.internal.LocatingElementHandler.invoke(LocatingElementHandler.java:38)\r\n\tat com.sun.proxy.$Proxy18.getText(Unknown Source)\r\n\tat com.stepDefinitions.creatingProjects.verify_the_project_is_created_successfully_without_add_collaborators(creatingProjects.java:37)\r\n\tat ✽.Verify the Project is created successfully without Add collaborators(file:///C:/Users/aswin.moorthy/Automation/pharma_NLP/src/test/resources/features/Createproject.feature:5)\r\n"},"stage":"finished","steps":[],"attachments":[],"parameters":[],"start":1707121199525,"stop":1707121206830},{"name":"When  user creates a project with Add Collaborators","status":"skipped","statusDetails":{"known":false,"muted":false,"flaky":false},"stage":"finished","steps":[],"attachments":[],"parameters":[],"start":1707121206830,"stop":1707121206830},{"name":"When  Verify the Project is created successfully with Add collaborators","status":"skipped","statusDetails":{"known":false,"muted":false,"flaky":false},"stage":"finished","steps":[],"attachments":[],"parameters":[],"start":1707121206830,"stop":1707121206830}],"attachments":[],"parameters":[],"start":1707121172103,"stop":1707121207412,"uuid":"dfd1b62e-6f09-4312-9cbc-05538ca075e2","historyId":"c47ff3030097cf19b1237108f5430fa7","fullName":"CreateProject: Creating projects","labels":[{"name":"host","value":"CS-LP-923"},{"name":"thread","value":"31600@CS-LP-923.main(1)"},{"name":"feature","value":"CreateProject"},{"name":"story","value":"Creating projects"},{"name":"suite","value":"CreateProject"},{"name":"testClass","value":"Creating projects"},{"name":"framework","value":"cucumber4jvm"},{"name":"language","value":"java"},{"name":"gherkin_uri","value":"file:///C:/Users/aswin.moorthy/Automation/pharma_NLP/src/test/resources/features/Createproject.feature"},{"name":"package","value":"src.test.resources.features.Createproject_feature.CreateProject"}],"links":[]}